0 verbose cli /usr/local/bin/node /Users/davidmayes/.npm-global/bin/npm
1 info using npm@11.7.0
2 info using node@v22.13.1
3 silly config load:file:/Users/davidmayes/.npm-global/lib/node_modules/npm/npmrc
4 silly config load:file:/Users/davidmayes/Desktop/projects/inspectos/.npmrc
5 silly config load:file:/Users/davidmayes/.npmrc
6 silly config load:file:/Users/davidmayes/.npm-global/etc/npmrc
7 verbose title npm audit
8 verbose argv "audit" "--audit-level" "high" "--json"
9 verbose logfile logs-max:10 dir:/Users/davidmayes/Desktop/projects/inspectos/.npm-cache/_logs/2026-01-14T17_48_28_789Z-
10 verbose logfile /Users/davidmayes/Desktop/projects/inspectos/.npm-cache/_logs/2026-01-14T17_48_28_789Z-debug-0.log
11 silly logfile done cleaning log files
12 verbose stack Error: EPERM: operation not permitted, open '/Users/davidmayes/.npm-global/lib/node_modules/npm/node_modules/@sigstore/verify/dist/key/index.js'
12 verbose stack     at Object.readFileSync (node:fs:442:20)
12 verbose stack     at getMaybeCachedSource (node:internal/modules/cjs/loader:1585:18)
12 verbose stack     at Object..js (node:internal/modules/cjs/loader:1660:19)
12 verbose stack     at Module.load (node:internal/modules/cjs/loader:1313:32)
12 verbose stack     at Function._load (node:internal/modules/cjs/loader:1123:12)
12 verbose stack     at TracingChannel.traceSync (node:diagnostics_channel:322:14)
12 verbose stack     at wrapModuleLoad (node:internal/modules/cjs/loader:217:24)
12 verbose stack     at Module.require (node:internal/modules/cjs/loader:1335:12)
12 verbose stack     at require (node:internal/modules/helpers:136:16)
12 verbose stack     at Object.<anonymous> (/Users/davidmayes/.npm-global/lib/node_modules/npm/node_modules/@sigstore/verify/dist/verifier.js:21:15)
13 error code EPERM
14 error syscall open
15 error path /Users/davidmayes/.npm-global/lib/node_modules/npm/node_modules/@sigstore/verify/dist/key/index.js
16 error errno -1
17 error Error: EPERM: operation not permitted, open '/Users/davidmayes/.npm-global/lib/node_modules/npm/node_modules/@sigstore/verify/dist/key/index.js'
17 error     at Object.readFileSync (node:fs:442:20)
17 error     at getMaybeCachedSource (node:internal/modules/cjs/loader:1585:18)
17 error     at Object..js (node:internal/modules/cjs/loader:1660:19)
17 error     at Module.load (node:internal/modules/cjs/loader:1313:32)
17 error     at Function._load (node:internal/modules/cjs/loader:1123:12)
17 error     at TracingChannel.traceSync (node:diagnostics_channel:322:14)
17 error     at wrapModuleLoad (node:internal/modules/cjs/loader:217:24)
17 error     at Module.require (node:internal/modules/cjs/loader:1335:12)
17 error     at require (node:internal/modules/helpers:136:16)
17 error     at Object.<anonymous> (/Users/davidmayes/.npm-global/lib/node_modules/npm/node_modules/@sigstore/verify/dist/verifier.js:21:15) {
17 error   errno: -1,
17 error   code: 'EPERM',
17 error   syscall: 'open',
17 error   path: '/Users/davidmayes/.npm-global/lib/node_modules/npm/node_modules/@sigstore/verify/dist/key/index.js'
17 error }
18 error
18 error The operation was rejected by your operating system.
18 error It is likely you do not have the permissions to access this file as the current user
18 error
18 error If you believe this might be a permissions issue, please double-check the
18 error permissions of the file and its containing directories, or try running
18 error the command again as root/Administrator.
19 verbose cwd /Users/davidmayes/Desktop/projects/inspectos
20 verbose os Darwin 25.2.0
21 verbose node v22.13.1
22 verbose npm  v11.7.0
23 verbose exit -1
24 verbose code -1
25 error A complete log of this run can be found in: /Users/davidmayes/Desktop/projects/inspectos/.npm-cache/_logs/2026-01-14T17_48_28_789Z-debug-0.log
